<?xml version="1.0" encoding="UTF-8"?>
<!-- Generated by org.testng.reporters.JUnitXMLReporter -->
<testsuite hostname="dell" ignored="1" name="Test2" tests="2" failures="0" timestamp="26 Sep 2020 08:27:33 GMT" time="0.012" errors="0">
  <testcase name="APILoginCarLoan" time="0.002" classname="dzung2.Module2"/>
  <testcase name="WebLoginCarLoan" time="0.002" classname="dzung2.Module2"/>
  <testcase name="MobileLoginCarLoan" time="0.0" classname="dzung2.Module2">
    <ignored/>
  </testcase> <!-- MobileLoginCarLoan -->
</testsuite> <!-- Test2 -->
