<?xml version="1.0" encoding="UTF-8"?>
<!-- Generated by org.testng.reporters.JUnitXMLReporter -->
<testsuite hostname="dell" ignored="0" name="Listeners" tests="2" failures="1" timestamp="26 Sep 2020 12:38:00 GMT" time="0.053" errors="0">
  <testcase name="sum" time="0.011" classname="dzung3.Class1"/>
  <testcase name="testtofail" time="0.004" classname="dzung3.Class1">
    <failure type="java.lang.AssertionError" message="expected [true] but found [false]">
      <![CDATA[java.lang.AssertionError: expected [true] but found [false]
at dzung3.Class1.testtofail(Class1.java:23)
... Removed 29 stack frames]]>
    </failure>
  </testcase> <!-- testtofail -->
</testsuite> <!-- Listeners -->
