<?xml version="1.0" encoding="UTF-8"?>
<!-- Generated by org.testng.reporters.JUnitXMLReporter -->
<testsuite hostname="dell" ignored="0" name="Test" tests="6" failures="1" timestamp="27 Sep 2020 09:44:22 GMT" time="0.089" errors="0">
  <testcase name="test1" time="0.016" classname="listeners.TestNGListenerDemo"/>
  <testcase name="test2" time="0.006" classname="listeners.TestNGListenerDemo">
    <failure type="java.lang.AssertionError" message="expected [true] but found [false]">
      <![CDATA[java.lang.AssertionError: expected [true] but found [false]
at listeners.TestNGListenerDemo.test2(TestNGListenerDemo.java:18)
... Removed 29 stack frames]]>
    </failure>
  </testcase> <!-- test2 -->
  <testcase name="test3" time="0.002" classname="listeners.TestNGListenerDemo">
    <skipped/>
  </testcase> <!-- test3 -->
  <testcase name="test4" time="0.003" classname="listeners.TestNGListenerDemo2"/>
  <testcase name="test5" time="0.004" classname="listeners.TestNGListenerDemo2"/>
  <testcase name="test6" time="0.005" classname="listeners.TestNGListenerDemo2">
    <skipped/>
  </testcase> <!-- test6 -->
</testsuite> <!-- Test -->
