<?xml version="1.0" encoding="UTF-8"?>
<!-- Generated by org.testng.reporters.JUnitXMLReporter -->
<testsuite hostname="dell" ignored="4" name="Test2" tests="4" failures="0" timestamp="26 Sep 2020 05:22:31 GMT" time="0.04" errors="0">
  <testcase name="myTestMethod1" time="0.001" classname="dzung.MyTestClass1"/>
  <testcase name="myTestMethod2" time="0.002" classname="dzung.MyTestClass1"/>
  <testcase name="myTestMethod3" time="0.002" classname="dzung.MyTestClass2"/>
  <testcase name="myTestMethod4" time="0.002" classname="dzung.MyTestClass2"/>
  <testcase name="@AfterSuite afterSuite" time="0.0" classname="dzung.SeleniumAbstractTest">
    <ignored/>
  </testcase> <!-- @AfterSuite afterSuite -->
  <testcase name="@BeforeTest beforeTest" time="0.0" classname="dzung.SeleniumAbstractTest">
    <ignored/>
  </testcase> <!-- @BeforeTest beforeTest -->
  <testcase name="@AfterTest afterTest" time="0.0" classname="dzung.SeleniumAbstractTest">
    <ignored/>
  </testcase> <!-- @AfterTest afterTest -->
  <testcase name="@BeforeSuite beforeSuite" time="0.0" classname="dzung.SeleniumAbstractTest">
    <ignored/>
  </testcase> <!-- @BeforeSuite beforeSuite -->
</testsuite> <!-- Test2 -->
