<?xml version="1.0" encoding="UTF-8"?>
<!-- Generated by org.testng.reporters.JUnitXMLReporter -->
<testsuite hostname="dell" ignored="2" name="Default test(failed)(failed)" tests="1" failures="0" timestamp="08 Jul 2020 08:15:08 GMT" time="0.044" errors="0">
  <testcase name="logout" time="0.017" classname="com.rameshsoft.selenium.listeners2.FailedTestOne"/>
  <testcase name="login" time="0.0" classname="com.rameshsoft.selenium.listeners2.FailedTestOne">
    <ignored/>
  </testcase> <!-- login -->
  <testcase name="compose" time="0.0" classname="com.rameshsoft.selenium.listeners2.FailedTestOne">
    <ignored/>
  </testcase> <!-- compose -->
</testsuite> <!-- Default test(failed)(failed) -->
