<?xml version="1.0" encoding="UTF-8"?>
<!-- Generated by org.testng.reporters.JUnitXMLReporter -->
<testsuite hostname="dell" ignored="0" name="Sprint1(failed)" tests="1" failures="1" timestamp="06 Jul 2020 09:24:34 GMT" time="0.037" errors="0">
  <testcase name="testWordpress" time="0.008" classname="TestNGClasses.TestCase3">
    <failure type="java.lang.AssertionError" message="expected [true] but found [false]">
      <![CDATA[java.lang.AssertionError: expected [true] but found [false]
at TestNGClasses.TestCase3.testWordpress(TestCase3.java:13)
at Runner.TestRunner.main(TestRunner.java:18)
... Removed 26 stack frames]]>
    </failure>
  </testcase> <!-- testWordpress -->
</testsuite> <!-- Sprint1(failed) -->
