<?xml version="1.0" encoding="UTF-8"?>
<!-- Generated by org.testng.reporters.JUnitXMLReporter -->
<testsuite hostname="dell" ignored="0" name="Sprint1" tests="3" failures="1" timestamp="06 Jul 2020 09:04:13 GMT" time="0.517" errors="0">
  <testcase name="testFB" time="0.083" classname="TestNGClasses.TestCase1"/>
  <testcase name="testTwitter" time="0.002" classname="TestNGClasses.TestCase2"/>
  <testcase name="testWordpress" time="0.056" classname="TestNGClasses.TestCase3">
    <failure type="java.lang.AssertionError" message="expected [true] but found [false]">
      <![CDATA[java.lang.AssertionError: expected [true] but found [false]
at TestNGClasses.TestCase3.testWordpress(TestCase3.java:13)
... Removed 29 stack frames]]>
    </failure>
  </testcase> <!-- testWordpress -->
</testsuite> <!-- Sprint1 -->
