<?xml version="1.0" encoding="UTF-8"?>
<!-- Generated by org.testng.reporters.JUnitXMLReporter -->
<testsuite hostname="dell" ignored="0" name="Test(failed)" tests="1" failures="1" timestamp="08 Jul 2020 03:31:26 GMT" time="0.032" errors="0">
  <testcase name="logout" time="0.008" classname="com.rameshshoft.listeners1.TestB">
    <failure type="java.lang.AssertionError" message="expected [false] but found [true]">
      <![CDATA[java.lang.AssertionError: expected [false] but found [true]
at com.rameshshoft.listeners1.TestB.logout(TestB.java:12)
at com.rameshshoft.listeners1.FailedXmlRunner.main(FailedXmlRunner.java:16)
... Removed 28 stack frames]]>
    </failure>
  </testcase> <!-- logout -->
</testsuite> <!-- Test(failed) -->
